#
# There is insufficient memory for the Java Runtime Environment to continue.
# Native memory allocation (malloc) failed to allocate 815856 bytes for Chunk::new
# Possible reasons:
#   The system is out of physical RAM or swap space
#   The process is running with CompressedOops enabled, and the Java Heap may be blocking the growth of the native heap
# Possible solutions:
#   Reduce memory load on the system
#   Increase physical memory or swap space
#   Check if swap backing store is full
#   Decrease Java heap size (-Xmx/-Xms)
#   Decrease number of Java threads
#   Decrease Java thread stack sizes (-Xss)
#   Set larger code cache with -XX:ReservedCodeCacheSize=
#   JVM is running with Zero Based Compressed Oops mode in which the Java heap is
#     placed in the first 32GB address space. The Java Heap base address is the
#     maximum limit for the native heap growth. Please use -XX:HeapBaseMinAddress
#     to set the Java Heap base and to place the Java Heap above 32GB virtual address.
# This output file may be truncated or incomplete.
#
#  Out of Memory Error (allocation.cpp:389), pid=2032, tid=0x0000000000000a1c
#
# JRE version: Java(TM) SE Runtime Environment (8.0_261-b12) (build 1.8.0_261-b12)
# Java VM: Java HotSpot(TM) 64-Bit Server VM (25.261-b12 mixed mode windows-amd64 compressed oops)
# Failed to write core dump. Minidumps are not enabled by default on client versions of Windows
#

---------------  T H R E A D  ---------------

Current thread (0x0000025c7ded2800):  JavaThread "C2 CompilerThread0" daemon [_thread_in_native, id=2588, stack(0x000000bb82a00000,0x000000bb82b00000)]

Stack: [0x000000bb82a00000,0x000000bb82b00000]
Native frames: (J=compiled Java code, j=interpreted, Vv=VM code, C=native code)
V  [jvm.dll+0x33e5f9]
V  [jvm.dll+0x2850e2]
V  [jvm.dll+0x285d8d]
V  [jvm.dll+0x27c895]
V  [jvm.dll+0xe4d6c]
V  [jvm.dll+0xe556c]
V  [jvm.dll+0x47ece3]
V  [jvm.dll+0x4467c3]
V  [jvm.dll+0x44f8f5]
V  [jvm.dll+0x44ecb5]
V  [jvm.dll+0x439bc7]
V  [jvm.dll+0xbbbcb]
V  [jvm.dll+0xba22b]
V  [jvm.dll+0x24d962]
V  [jvm.dll+0x2a1cfc]
C  [ucrtbase.dll+0x214c2]
C  [KERNEL32.DLL+0x17034]
C  [ntdll.dll+0x4cec1]


Current CompileTask:
C2:   4961  949       4       com.ilo.ezh.Entry::toString (377 bytes)


---------------  P R O C E S S  ---------------

Java Threads: ( => current thread )
  0x0000025c7df9a000 JavaThread "Service Thread" daemon [_thread_blocked, id=14532, stack(0x000000bb82d00000,0x000000bb82e00000)]
  0x0000025c7ded6000 JavaThread "C1 CompilerThread2" daemon [_thread_blocked, id=9488, stack(0x000000bb82c00000,0x000000bb82d00000)]
  0x0000025c7ded5000 JavaThread "C2 CompilerThread1" daemon [_thread_in_native, id=4072, stack(0x000000bb82b00000,0x000000bb82c00000)]
=>0x0000025c7ded2800 JavaThread "C2 CompilerThread0" daemon [_thread_in_native, id=2588, stack(0x000000bb82a00000,0x000000bb82b00000)]
  0x0000025c7ded0800 JavaThread "Monitor Ctrl-Break" daemon [_thread_in_native, id=9344, stack(0x000000bb82900000,0x000000bb82a00000)]
  0x0000025c7de8a800 JavaThread "Attach Listener" daemon [_thread_blocked, id=1012, stack(0x000000bb82800000,0x000000bb82900000)]
  0x0000025c7de8a000 JavaThread "Signal Dispatcher" daemon [_thread_blocked, id=1484, stack(0x000000bb82700000,0x000000bb82800000)]
  0x0000025c7d73b800 JavaThread "Finalizer" daemon [_thread_blocked, id=1120, stack(0x000000bb82600000,0x000000bb82700000)]
  0x0000025c7de66000 JavaThread "Reference Handler" daemon [_thread_blocked, id=13996, stack(0x000000bb82500000,0x000000bb82600000)]
  0x0000025c6b018000 JavaThread "main" [_thread_in_Java, id=7980, stack(0x000000bb81f00000,0x000000bb82000000)]

Other Threads:
  0x0000025c7de43000 VMThread [stack: 0x000000bb82400000,0x000000bb82500000] [id=9940]
  0x0000025c7ea64800 WatcherThread [stack: 0x000000bb82e00000,0x000000bb82f00000] [id=3444]

VM state:not at safepoint (normal execution)

VM Mutex/Monitor currently owned by a thread: None

heap address: 0x0000000701c00000, size: 3044 MB, Compressed Oops mode: Zero based, Oop shift amount: 3
Narrow klass base: 0x0000000000000000, Narrow klass shift: 3
Compressed class space size: 1073741824 Address: 0x00000007c0000000

Heap:
 PSYoungGen      total 106496K, used 3529K [0x0000000780980000, 0x0000000787980000, 0x00000007c0000000)
  eden space 98304K, 1% used [0x0000000780980000,0x0000000780b6a718,0x0000000786980000)
  from space 8192K, 19% used [0x0000000786980000,0x0000000786b08000,0x0000000787180000)
  to   space 8192K, 0% used [0x0000000787180000,0x0000000787180000,0x0000000787980000)
 ParOldGen       total 131072K, used 1318K [0x0000000701c00000, 0x0000000709c00000, 0x0000000780980000)
  object space 131072K, 1% used [0x0000000701c00000,0x0000000701d49920,0x0000000709c00000)
 Metaspace       used 6602K, capacity 6786K, committed 6912K, reserved 1056768K
  class space    used 679K, capacity 747K, committed 768K, reserved 1048576K

Card table byte_map: [0x0000025c7be40000,0x0000025c7c440000] byte_map_base: 0x0000025c78632000

Marking Bits: (ParMarkBitMap*) 0x000000006a174fb0
 Begin Bits: [0x0000025c00000000, 0x0000025c02f90000)
 End Bits:   [0x0000025c02f90000, 0x0000025c05f20000)

Polling page: 0x0000025c6b200000

CodeCache: size=245760Kb used=4993Kb max_used=5007Kb free=240766Kb
 bounds [0x0000025c6ca80000, 0x0000025c6cf70000, 0x0000025c7ba80000]
 total_blobs=1248 nmethods=943 adapters=218
 compilation: enabled

Compilation events (10 events):
Event: 4.400 Thread 0x0000025c7ded5000  948       4       java.util.AbstractCollection::toString (89 bytes)
Event: 4.462 Thread 0x0000025c7ded5000 nmethod 948 0x0000025c6cf57950 code [0x0000025c6cf57b20, 0x0000025c6cf59218]
Event: 4.761 Thread 0x0000025c7ded2800  949       4       com.ilo.ezh.Entry::toString (377 bytes)
Event: 4.898 Thread 0x0000025c7ded6000  950 %     3       com.sun.org.apache.xerces.internal.impl.io.UTF8Reader::read @ 150 (1443 bytes)
Event: 4.903 Thread 0x0000025c7ded6000 nmethod 950% 0x0000025c6cf5b5d0 code [0x0000025c6cf5ba20, 0x0000025c6cf5e7a0]
Event: 4.903 Thread 0x0000025c7ded6000  951       3       com.sun.org.apache.xerces.internal.impl.io.UTF8Reader::read (1443 bytes)
Event: 4.907 Thread 0x0000025c7ded6000 nmethod 951 0x0000025c6cf60f90 code [0x0000025c6cf613e0, 0x0000025c6cf63fe0]
Event: 4.910 Thread 0x0000025c7ded5000  952 %     4       com.sun.org.apache.xerces.internal.impl.io.UTF8Reader::read @ 150 (1443 bytes)
Event: 4.921 Thread 0x0000025c7ded5000 nmethod 952% 0x0000025c6cf37b90 code [0x0000025c6cf37d20, 0x0000025c6cf38798]
Event: 4.921 Thread 0x0000025c7ded5000  953       4       com.sun.org.apache.xerces.internal.impl.XMLEntityScanner::invokeListeners (37 bytes)

GC Heap History (10 events):
Event: 2.483 GC heap before
{Heap before GC invocations=4 (full 0):
 PSYoungGen      total 57344K, used 52304K [0x0000000780980000, 0x0000000787980000, 0x00000007c0000000)
  eden space 49152K, 100% used [0x0000000780980000,0x0000000783980000,0x0000000783980000)
  from space 8192K, 38% used [0x0000000783980000,0x0000000783c94030,0x0000000784180000)
  to   space 8192K, 0% used [0x0000000787180000,0x0000000787180000,0x0000000787980000)
 ParOldGen       total 131072K, used 96K [0x0000000701c00000, 0x0000000709c00000, 0x0000000780980000)
  object space 131072K, 0% used [0x0000000701c00000,0x0000000701c18010,0x0000000709c00000)
 Metaspace       used 6601K, capacity 6786K, committed 6912K, reserved 1056768K
  class space    used 679K, capacity 747K, committed 768K, reserved 1048576K
Event: 2.490 GC heap after
Heap after GC invocations=4 (full 0):
 PSYoungGen      total 106496K, used 4064K [0x0000000780980000, 0x0000000787980000, 0x00000007c0000000)
  eden space 98304K, 0% used [0x0000000780980000,0x0000000780980000,0x0000000786980000)
  from space 8192K, 49% used [0x0000000787180000,0x0000000787578020,0x0000000787980000)
  to   space 8192K, 0% used [0x0000000786980000,0x0000000786980000,0x0000000787180000)
 ParOldGen       total 131072K, used 104K [0x0000000701c00000, 0x0000000709c00000, 0x0000000780980000)
  object space 131072K, 0% used [0x0000000701c00000,0x0000000701c1a010,0x0000000709c00000)
 Metaspace       used 6601K, capacity 6786K, committed 6912K, reserved 1056768K
  class space    used 679K, capacity 747K, committed 768K, reserved 1048576K
}
Event: 2.961 GC heap before
{Heap before GC invocations=5 (full 0):
 PSYoungGen      total 106496K, used 102368K [0x0000000780980000, 0x0000000787980000, 0x00000007c0000000)
  eden space 98304K, 100% used [0x0000000780980000,0x0000000786980000,0x0000000786980000)
  from space 8192K, 49% used [0x0000000787180000,0x0000000787578020,0x0000000787980000)
  to   space 8192K, 0% used [0x0000000786980000,0x0000000786980000,0x0000000787180000)
 ParOldGen       total 131072K, used 104K [0x0000000701c00000, 0x0000000709c00000, 0x0000000780980000)
  object space 131072K, 0% used [0x0000000701c00000,0x0000000701c1a010,0x0000000709c00000)
 Metaspace       used 6602K, capacity 6786K, committed 6912K, reserved 1056768K
  class space    used 679K, capacity 747K, committed 768K, reserved 1048576K
Event: 2.971 GC heap after
Heap after GC invocations=5 (full 0):
 PSYoungGen      total 106496K, used 4224K [0x0000000780980000, 0x0000000787980000, 0x00000007c0000000)
  eden space 98304K, 0% used [0x0000000780980000,0x0000000780980000,0x0000000786980000)
  from space 8192K, 51% used [0x0000000786980000,0x0000000786da0000,0x0000000787180000)
  to   space 8192K, 0% used [0x0000000787180000,0x0000000787180000,0x0000000787980000)
 ParOldGen       total 131072K, used 104K [0x0000000701c00000, 0x0000000709c00000, 0x0000000780980000)
  object space 131072K, 0% used [0x0000000701c00000,0x0000000701c1a010,0x0000000709c00000)
 Metaspace       used 6602K, capacity 6786K, committed 6912K, reserved 1056768K
  class space    used 679K, capacity 747K, committed 768K, reserved 1048576K
}
Event: 3.644 GC heap before
{Heap before GC invocations=6 (full 0):
 PSYoungGen      total 106496K, used 102528K [0x0000000780980000, 0x0000000787980000, 0x00000007c0000000)
  eden space 98304K, 100% used [0x0000000780980000,0x0000000786980000,0x0000000786980000)
  from space 8192K, 51% used [0x0000000786980000,0x0000000786da0000,0x0000000787180000)
  to   space 8192K, 0% used [0x0000000787180000,0x0000000787180000,0x0000000787980000)
 ParOldGen       total 131072K, used 104K [0x0000000701c00000, 0x0000000709c00000, 0x0000000780980000)
  object space 131072K, 0% used [0x0000000701c00000,0x0000000701c1a010,0x0000000709c00000)
 Metaspace       used 6602K, capacity 6786K, committed 6912K, reserved 1056768K
  class space    used 679K, capacity 747K, committed 768K, reserved 1048576K
Event: 3.655 GC heap after
Heap after GC invocations=6 (full 0):
 PSYoungGen      total 106496K, used 4320K [0x0000000780980000, 0x0000000787980000, 0x00000007c0000000)
  eden space 98304K, 0% used [0x0000000780980000,0x0000000780980000,0x0000000786980000)
  from space 8192K, 52% used [0x0000000787180000,0x00000007875b8000,0x0000000787980000)
  to   space 8192K, 0% used [0x0000000786980000,0x0000000786980000,0x0000000787180000)
 ParOldGen       total 131072K, used 104K [0x0000000701c00000, 0x0000000709c00000, 0x0000000780980000)
  object space 131072K, 0% used [0x0000000701c00000,0x0000000701c1a010,0x0000000709c00000)
 Metaspace       used 6602K, capacity 6786K, committed 6912K, reserved 1056768K
  class space    used 679K, capacity 747K, committed 768K, reserved 1048576K
}
Event: 3.991 GC heap before
{Heap before GC invocations=7 (full 0):
 PSYoungGen      total 106496K, used 102624K [0x0000000780980000, 0x0000000787980000, 0x00000007c0000000)
  eden space 98304K, 100% used [0x0000000780980000,0x0000000786980000,0x0000000786980000)
  from space 8192K, 52% used [0x0000000787180000,0x00000007875b8000,0x0000000787980000)
  to   space 8192K, 0% used [0x0000000786980000,0x0000000786980000,0x0000000787180000)
 ParOldGen       total 131072K, used 104K [0x0000000701c00000, 0x0000000709c00000, 0x0000000780980000)
  object space 131072K, 0% used [0x0000000701c00000,0x0000000701c1a010,0x0000000709c00000)
 Metaspace       used 6602K, capacity 6786K, committed 6912K, reserved 1056768K
  class space    used 679K, capacity 747K, committed 768K, reserved 1048576K
Event: 4.000 GC heap after
Heap after GC invocations=7 (full 0):
 PSYoungGen      total 106496K, used 2976K [0x0000000780980000, 0x0000000787980000, 0x00000007c0000000)
  eden space 98304K, 0% used [0x0000000780980000,0x0000000780980000,0x0000000786980000)
  from space 8192K, 36% used [0x0000000786980000,0x0000000786c68000,0x0000000787180000)
  to   space 8192K, 0% used [0x0000000787180000,0x0000000787180000,0x0000000787980000)
 ParOldGen       total 131072K, used 1244K [0x0000000701c00000, 0x0000000709c00000, 0x0000000780980000)
  object space 131072K, 0% used [0x0000000701c00000,0x0000000701d370b0,0x0000000709c00000)
 Metaspace       used 6602K, capacity 6786K, committed 6912K, reserved 1056768K
  class space    used 679K, capacity 747K, committed 768K, reserved 1048576K
}
Event: 4.429 GC heap before
{Heap before GC invocations=8 (full 0):
 PSYoungGen      total 106496K, used 101280K [0x0000000780980000, 0x0000000787980000, 0x00000007c0000000)
  eden space 98304K, 100% used [0x0000000780980000,0x0000000786980000,0x0000000786980000)
  from space 8192K, 36% used [0x0000000786980000,0x0000000786c68000,0x0000000787180000)
  to   space 8192K, 0% used [0x0000000787180000,0x0000000787180000,0x0000000787980000)
 ParOldGen       total 131072K, used 1244K [0x0000000701c00000, 0x0000000709c00000, 0x0000000780980000)
  object space 131072K, 0% used [0x0000000701c00000,0x0000000701d370b0,0x0000000709c00000)
 Metaspace       used 6602K, capacity 6786K, committed 6912K, reserved 1056768K
  class space    used 679K, capacity 747K, committed 768K, reserved 1048576K
Event: 4.443 GC heap after
Heap after GC invocations=8 (full 0):
 PSYoungGen      total 106496K, used 320K [0x0000000780980000, 0x0000000787980000, 0x00000007c0000000)
  eden space 98304K, 0% used [0x0000000780980000,0x0000000780980000,0x0000000786980000)
  from space 8192K, 3% used [0x0000000787180000,0x00000007871d0000,0x0000000787980000)
  to   space 8192K, 0% used [0x0000000786980000,0x0000000786980000,0x0000000787180000)
 ParOldGen       total 131072K, used 1302K [0x0000000701c00000, 0x0000000709c00000, 0x0000000780980000)
  object space 131072K, 0% used [0x0000000701c00000,0x0000000701d45920,0x0000000709c00000)
 Metaspace       used 6602K, capacity 6786K, committed 6912K, reserved 1056768K
  class space    used 679K, capacity 747K, committed 768K, reserved 1048576K
}

Deoptimization events (10 events):
Event: 1.156 Thread 0x0000025c7de8a800 Uncommon trap: reason=unstable_if action=reinterpret pc=0x0000025c6cd14834 method=java.util.HashMap.getNode(ILjava/lang/Object;)Ljava/util/HashMap$Node; @ 76
Event: 1.162 Thread 0x0000025c7de8a800 Uncommon trap: reason=unstable_if action=reinterpret pc=0x0000025c6cd157fc method=java.util.HashMap.getNode(ILjava/lang/Object;)Ljava/util/HashMap$Node; @ 76
Event: 1.482 Thread 0x0000025c6b018000 Uncommon trap: reason=unstable_if action=reinterpret pc=0x0000025c6cd034d8 method=com.sun.org.apache.xerces.internal.impl.XMLEntityScanner.scanLiteral(ILcom/sun/org/apache/xerces/internal/xni/XMLString;Z)I @ 44
Event: 1.501 Thread 0x0000025c6b018000 Uncommon trap: reason=unstable_if action=reinterpret pc=0x0000025c6cdb6ff8 method=java.util.HashMap$HashIterator.<init>(Ljava/util/HashMap;)V @ 38
Event: 2.061 Thread 0x0000025c6b018000 Uncommon trap: reason=unstable_if action=reinterpret pc=0x0000025c6cda6200 method=java.lang.CharacterData.of(I)Ljava/lang/CharacterData; @ 4
Event: 2.267 Thread 0x0000025c6b018000 Uncommon trap: reason=unstable_if action=reinterpret pc=0x0000025c6cdab2a8 method=java.lang.CharacterDataLatin1.digit(II)I @ 31
Event: 2.353 Thread 0x0000025c6b018000 Uncommon trap: reason=unstable_if action=reinterpret pc=0x0000025c6ceb504c method=com.ilo.ezh.OmegaParser.parseXMLfile(Ljavax/xml/stream/XMLEventReader;)Ljava/util/List; @ 1269
Event: 2.546 Thread 0x0000025c6b018000 Uncommon trap: reason=unstable_if action=reinterpret pc=0x0000025c6cdc79c4 method=com.sun.org.apache.xerces.internal.impl.XMLDocumentFragmentScannerImpl.scanEntityReference(Lcom/sun/org/apache/xerces/internal/util/XMLStringBuffer;)V @ 99
Event: 2.702 Thread 0x0000025c6b018000 Uncommon trap: reason=unstable_if action=reinterpret pc=0x0000025c6cd373b0 method=com.sun.org.apache.xerces.internal.impl.XMLDocumentFragmentScannerImpl$FragmentContentDriver.next()I @ 971
Event: 4.898 Thread 0x0000025c6b018000 Uncommon trap: reason=unstable_if action=reinterpret pc=0x0000025c6ccf8420 method=com.sun.org.apache.xerces.internal.impl.io.UTF8Reader.read([CII)I @ 117

Classes redefined (0 events):
No events

Internal exceptions (9 events):
Event: 0.049 Thread 0x0000025c6b018000 Exception <a 'java/lang/NoSuchMethodError': Method sun.misc.Unsafe.defineClass(Ljava/lang/String;[BII)Ljava/lang/Class; name or signature does not match> (0x0000000780987cc0) thrown at [C:\jenkins\workspace\8-2-build-windows-amd64-cygwin\jdk8u261\295\hots
Event: 0.049 Thread 0x0000025c6b018000 Exception <a 'java/lang/NoSuchMethodError': Method sun.misc.Unsafe.prefetchRead(Ljava/lang/Object;J)V name or signature does not match> (0x0000000780987fa8) thrown at [C:\jenkins\workspace\8-2-build-windows-amd64-cygwin\jdk8u261\295\hotspot\src\share\vm\p
Event: 0.247 Thread 0x0000025c6b018000 Exception <a 'java/security/PrivilegedActionException'> (0x0000000780b95ba0) thrown at [C:\jenkins\workspace\8-2-build-windows-amd64-cygwin\jdk8u261\295\hotspot\src\share\vm\prims\jvm.cpp, line 1512]
Event: 0.247 Thread 0x0000025c6b018000 Exception <a 'java/security/PrivilegedActionException'> (0x0000000780b95db0) thrown at [C:\jenkins\workspace\8-2-build-windows-amd64-cygwin\jdk8u261\295\hotspot\src\share\vm\prims\jvm.cpp, line 1512]
Event: 0.251 Thread 0x0000025c6b018000 Exception <a 'java/security/PrivilegedActionException'> (0x0000000780b983e0) thrown at [C:\jenkins\workspace\8-2-build-windows-amd64-cygwin\jdk8u261\295\hotspot\src\share\vm\prims\jvm.cpp, line 1512]
Event: 0.251 Thread 0x0000025c6b018000 Exception <a 'java/security/PrivilegedActionException'> (0x0000000780b985f0) thrown at [C:\jenkins\workspace\8-2-build-windows-amd64-cygwin\jdk8u261\295\hotspot\src\share\vm\prims\jvm.cpp, line 1512]
Event: 0.384 Thread 0x0000025c6b018000 Exception <a 'java/lang/NoSuchFieldError': method resolution failed> (0x0000000780ec8ad0) thrown at [C:\jenkins\workspace\8-2-build-windows-amd64-cygwin\jdk8u261\295\hotspot\src\share\vm\prims\methodHandles.cpp, line 1169]
Event: 0.387 Thread 0x0000025c6b018000 Exception <a 'java/lang/NoSuchFieldError': method resolution failed> (0x0000000780ed6918) thrown at [C:\jenkins\workspace\8-2-build-windows-amd64-cygwin\jdk8u261\295\hotspot\src\share\vm\prims\methodHandles.cpp, line 1169]
Event: 1.501 Thread 0x0000025c6b018000 Implicit null exception at 0x0000025c6cdb6f04 to 0x0000025c6cdb6fe1

Events (10 events):
Event: 4.443 Executing VM operation: ParallelGCFailedAllocation done
Event: 4.898 Thread 0x0000025c6b018000 Uncommon trap: trap_request=0xffffff65 fr.pc=0x0000025c6ccf8420
Event: 4.898 Thread 0x0000025c6b018000 DEOPT PACKING pc=0x0000025c6ccf8420 sp=0x000000bb81ffee20
Event: 4.898 Thread 0x0000025c6b018000 DEOPT UNPACKING pc=0x0000025c6cac5843 sp=0x000000bb81ffed38 mode 2
Event: 4.921 Thread 0x0000025c6b018000 DEOPT PACKING pc=0x0000025c6cf63b19 sp=0x000000bb81ffeb50
Event: 4.921 Thread 0x0000025c6b018000 DEOPT UNPACKING pc=0x0000025c6cac7898 sp=0x000000bb81ffe8f8 mode 0
Event: 4.925 Thread 0x0000025c6b018000 DEOPT PACKING pc=0x0000025c6cf63b19 sp=0x000000bb81ffec90
Event: 4.925 Thread 0x0000025c6b018000 DEOPT UNPACKING pc=0x0000025c6cac7898 sp=0x000000bb81ffea38 mode 0
Event: 4.926 Thread 0x0000025c6b018000 DEOPT PACKING pc=0x0000025c6cf63b19 sp=0x000000bb81ffeb50
Event: 4.926 Thread 0x0000025c6b018000 DEOPT UNPACKING pc=0x0000025c6cac7898 sp=0x000000bb81ffe8f8 mode 0


Dynamic libraries:
0x00007ff787810000 - 0x00007ff787857000 	D:\JavaTools\jdk8\bin\java.exe
0x00007ffcced70000 - 0x00007ffccef66000 	C:\WINDOWS\SYSTEM32\ntdll.dll
0x00007ffccdcd0000 - 0x00007ffccdd8d000 	C:\WINDOWS\System32\KERNEL32.DLL
0x00007ffcccae0000 - 0x00007ffcccda8000 	C:\WINDOWS\System32\KERNELBASE.dll
0x00007ffccd370000 - 0x00007ffccd41a000 	C:\WINDOWS\System32\ADVAPI32.dll
0x00007ffcce020000 - 0x00007ffcce0be000 	C:\WINDOWS\System32\msvcrt.dll
0x00007ffccd250000 - 0x00007ffccd2eb000 	C:\WINDOWS\System32\sechost.dll
0x00007ffccd4e0000 - 0x00007ffccd604000 	C:\WINDOWS\System32\RPCRT4.dll
0x00007ffccde80000 - 0x00007ffcce020000 	C:\WINDOWS\System32\USER32.dll
0x00007ffccc850000 - 0x00007ffccc872000 	C:\WINDOWS\System32\win32u.dll
0x00007ffccd220000 - 0x00007ffccd24a000 	C:\WINDOWS\System32\GDI32.dll
0x00007ffccc5f0000 - 0x00007ffccc6f9000 	C:\WINDOWS\System32\gdi32full.dll
0x00007ffccc760000 - 0x00007ffccc7fd000 	C:\WINDOWS\System32\msvcp_win.dll
0x00007ffccc9e0000 - 0x00007ffcccae0000 	C:\WINDOWS\System32\ucrtbase.dll
0x00007ffcbadc0000 - 0x00007ffcbb05b000 	C:\WINDOWS\WinSxS\amd64_microsoft.windows.common-controls_6595b64144ccf1df_6.0.19041.488_none_ca04af081b815d21\COMCTL32.dll
0x00007ffccddf0000 - 0x00007ffccde20000 	C:\WINDOWS\System32\IMM32.DLL
0x00007ffcc8050000 - 0x00007ffcc8065000 	D:\JavaTools\jdk8\jre\bin\vcruntime140.dll
0x00007ffc96040000 - 0x00007ffc960db000 	D:\JavaTools\jdk8\jre\bin\msvcp140.dll
0x0000000069980000 - 0x000000006a1ec000 	D:\JavaTools\jdk8\jre\bin\server\jvm.dll
0x00007ffccd420000 - 0x00007ffccd428000 	C:\WINDOWS\System32\PSAPI.DLL
0x00007ffcc2310000 - 0x00007ffcc231a000 	C:\WINDOWS\SYSTEM32\VERSION.dll
0x00007ffcbdda0000 - 0x00007ffcbddc7000 	C:\WINDOWS\SYSTEM32\WINMM.dll
0x00007ffcb0700000 - 0x00007ffcb0709000 	C:\WINDOWS\SYSTEM32\WSOCK32.dll
0x00007ffccdaf0000 - 0x00007ffccdb5b000 	C:\WINDOWS\System32\ws2_32.DLL
0x00007ffcca3a0000 - 0x00007ffcca3b2000 	C:\WINDOWS\SYSTEM32\kernel.appcore.dll
0x00007ffcc8040000 - 0x00007ffcc8050000 	D:\JavaTools\jdk8\jre\bin\verify.dll
0x00007ffcb1d00000 - 0x00007ffcb1d2b000 	D:\JavaTools\jdk8\jre\bin\java.dll
0x00007ffcbffc0000 - 0x00007ffcbfff2000 	D:\JavaTools\jdk8\jre\bin\instrument.dll
0x00007ffcba170000 - 0x00007ffcba188000 	D:\JavaTools\jdk8\jre\bin\zip.dll
0x00007ffcce200000 - 0x00007ffcce940000 	C:\WINDOWS\System32\SHELL32.dll
0x00007ffcca5a0000 - 0x00007ffccad34000 	C:\WINDOWS\SYSTEM32\windows.storage.dll
0x00007ffcce940000 - 0x00007ffccec95000 	C:\WINDOWS\System32\combase.dll
0x00007ffccbd60000 - 0x00007ffccbd8c000 	C:\WINDOWS\SYSTEM32\Wldp.dll
0x00007ffccd970000 - 0x00007ffccda1e000 	C:\WINDOWS\System32\SHCORE.dll
0x00007ffcce0c0000 - 0x00007ffcce115000 	C:\WINDOWS\System32\shlwapi.dll
0x00007ffccc3c0000 - 0x00007ffccc3e6000 	C:\WINDOWS\SYSTEM32\profapi.dll
0x00007ffcbff20000 - 0x00007ffcbff3a000 	D:\JavaTools\IdeaUltimate\bin\breakgen64.dll
0x00007ffcb7bb0000 - 0x00007ffcb7bcc000 	D:\JavaTools\jdk8\jre\bin\net.dll
0x00007ffccbb50000 - 0x00007ffccbbba000 	C:\WINDOWS\system32\mswsock.dll
0x00007ffcb8100000 - 0x00007ffcb82e4000 	C:\WINDOWS\SYSTEM32\dbghelp.dll
0x00007ffccc930000 - 0x00007ffccc9af000 	C:\WINDOWS\System32\bcryptPrimitives.dll

VM Arguments:
jvm_args: -javaagent:D:\JavaTools\IdeaUltimate\lib\idea_rt.jar=58835:D:\JavaTools\IdeaUltimate\bin -Dfile.encoding=UTF-8 
java_command: com.ilo.ezh.OmegaParser
java_class_path (initial): D:\JavaTools\jdk8\jre\lib\charsets.jar;D:\JavaTools\jdk8\jre\lib\deploy.jar;D:\JavaTools\jdk8\jre\lib\ext\access-bridge-64.jar;D:\JavaTools\jdk8\jre\lib\ext\cldrdata.jar;D:\JavaTools\jdk8\jre\lib\ext\dnsns.jar;D:\JavaTools\jdk8\jre\lib\ext\jaccess.jar;D:\JavaTools\jdk8\jre\lib\ext\jfxrt.jar;D:\JavaTools\jdk8\jre\lib\ext\localedata.jar;D:\JavaTools\jdk8\jre\lib\ext\nashorn.jar;D:\JavaTools\jdk8\jre\lib\ext\sunec.jar;D:\JavaTools\jdk8\jre\lib\ext\sunjce_provider.jar;D:\JavaTools\jdk8\jre\lib\ext\sunmscapi.jar;D:\JavaTools\jdk8\jre\lib\ext\sunpkcs11.jar;D:\JavaTools\jdk8\jre\lib\ext\zipfs.jar;D:\JavaTools\jdk8\jre\lib\javaws.jar;D:\JavaTools\jdk8\jre\lib\jce.jar;D:\JavaTools\jdk8\jre\lib\jfr.jar;D:\JavaTools\jdk8\jre\lib\jfxswt.jar;D:\JavaTools\jdk8\jre\lib\jsse.jar;D:\JavaTools\jdk8\jre\lib\management-agent.jar;D:\JavaTools\jdk8\jre\lib\plugin.jar;D:\JavaTools\jdk8\jre\lib\resources.jar;D:\JavaTools\jdk8\jre\lib\rt.jar;D:\Java\Projects\Omega\target\classes;D:\JavaTools\IdeaUltimate\lib\idea_rt.jar
Launcher Type: SUN_STANDARD

Environment Variables:
JAVA_HOME=D:\JavaTools\jdk8
PATH=C:\Program Files (x86)\Common Files\Oracle\Java\javapath;C:\ProgramData\Oracle\Java\javapath;D:\JavaTools\apache-maven-3.6.3\bin;C:\Program Files (x86)\Intel\iCLS Client\;C:\Program Files\Intel\iCLS Client\;C:\Windows\system32;C:\Windows;C:\Windows\System32\Wbem;C:\Windows\System32\WindowsPowerShell\v1.0\;C:\Program Files\Intel\Intel(R) Management Engine Components\DAL;C:\Program Files\Intel\Intel(R) Management Engine Components\IPT;C:\Program Files (x86)\Intel\Intel(R) Management Engine Components\DAL;C:\Program Files (x86)\Intel\Intel(R) Management Engine Components\IPT;C:\WINDOWS\system32;C:\WINDOWS;C:\WINDOWS\System32\Wbem;C:\WINDOWS\System32\WindowsPowerShell\v1.0\;C:\WINDOWS\System32\OpenSSH\;C:\Program Files (x86)\NVIDIA Corporation\PhysX\Common;C:\WINDOWS\system32;C:\WINDOWS;C:\WINDOWS\System32\Wbem;C:\WINDOWS\System32\WindowsPowerShell\v1.0\;C:\WINDOWS\System32\OpenSSH\;C:\Program Files\Git\cmd;D:\JavaTools\jdk8\bin;C:\Program Files\Docker\Docker\resources\bin;C:\ProgramData\DockerDesktop\version-bin;C:\Program Files\MySQL\MySQL Shell 8.0\bin\;C:\Users\Ezh\AppData\Local\Microsoft\WindowsApps;
USERNAME=Ezh
OS=Windows_NT
PROCESSOR_IDENTIFIER=Intel64 Family 6 Model 58 Stepping 9, GenuineIntel



---------------  S Y S T E M  ---------------

OS: Windows 10.0 , 64 bit Build 19041 (10.0.19041.546)

CPU:total 4 (initial active 4) (2 cores per cpu, 2 threads per core) family 6 model 58 stepping 9, cmov, cx8, fxsr, mmx, sse, sse2, sse3, ssse3, sse4.1, sse4.2, popcnt, avx, aes, clmul, erms, ht, tsc, tscinvbit, tscinv

Memory: 4k page, physical 12465608k(3379708k free), swap 12465608k(5596k free)

vm_info: Java HotSpot(TM) 64-Bit Server VM (25.261-b12) for windows-amd64 JRE (1.8.0_261-b12), built on Jun 18 2020 06:56:32 by "" with unknown MS VC++:1916

time: Mon Oct 19 03:42:03 2020
timezone: RTZ 2 (зима)
elapsed time: 4 seconds (0d 0h 0m 4s)

